<?xml version="1.0" encoding="UTF-8"?>
<!-- Generated by org.testng.reporters.JUnitReportReporter -->
<testsuite hostname="DESKTOP-2NOC298" failures="0" tests="11" name="QA.auto.propsheet" time="0.000" errors="0" timestamp="2025-07-08T11:01:44 IST" skipped="11">
  <testcase classname="QA.auto.propsheet" name="login" time="0.000">
    <skipped/>
  </testcase> <!-- login -->
  <testcase classname="QA.auto.propsheet" name="series_set" time="0.000">
    <skipped/>
  </testcase> <!-- series_set -->
  <testcase classname="QA.auto.propsheet" name="atlaseditor" time="0.000">
    <skipped/>
  </testcase> <!-- atlaseditor -->
  <testcase classname="QA.auto.propsheet" name="Editmenu" time="0.000">
    <skipped/>
  </testcase> <!-- Editmenu -->
  <testcase classname="QA.auto.propsheet" name="contributor" time="0.000">
    <skipped/>
  </testcase> <!-- contributor -->
  <testcase classname="QA.auto.propsheet" name="draw" time="0.000">
    <skipped/>
  </testcase> <!-- draw -->
  <testcase classname="QA.auto.propsheet" name="annotation" time="0.000">
    <skipped/>
  </testcase> <!-- annotation -->
  <testcase classname="QA.auto.propsheet" name="geometry_Box" time="0.000">
    <skipped/>
  </testcase> <!-- geometry_Box -->
  <testcase classname="QA.auto.propsheet" name="Box_select" time="0.000">
    <skipped/>
  </testcase> <!-- Box_select -->
  <testcase classname="QA.auto.propsheet" name="Propertystylesheet" time="0.000">
    <skipped/>
  </testcase> <!-- Propertystylesheet -->
  <testcase classname="QA.auto.propsheet" name="Box_delete" time="0.000">
    <skipped/>
  </testcase> <!-- Box_delete -->
</testsuite> <!-- QA.auto.propsheet -->
