<?xml version="1.0" encoding="UTF-8"?>
<!-- Generated by org.testng.reporters.JUnitReportReporter -->
<testsuite hostname="DESKTOP-2NOC298" failures="0" tests="5" name="QA.auto.ClearAnnotation" time="105.289" errors="0" timestamp="2025-07-08T11:10:41 IST" skipped="0">
  <testcase classname="QA.auto.ClearAnnotation" name="Login" time="58.121"/>
  <testcase classname="QA.auto.ClearAnnotation" name="table" time="9.651"/>
  <testcase classname="QA.auto.ClearAnnotation" name="Direct_Draw_page" time="7.630"/>
  <testcase classname="QA.auto.ClearAnnotation" name="select_contributor" time="12.783"/>
  <testcase classname="QA.auto.ClearAnnotation" name="atlas" time="17.104"/>
</testsuite> <!-- QA.auto.ClearAnnotation -->
