<?xml version="1.0" encoding="UTF-8"?>
<!-- Generated by org.testng.reporters.JUnitReportReporter -->
<testsuite hostname="DESKTOP-2NOC298" failures="0" tests="11" name="QA.auto.propsheet" time="207.741" errors="0" timestamp="2025-07-07T13:07:49 IST" skipped="0">
  <testcase classname="QA.auto.propsheet" name="login" time="19.700"/>
  <testcase classname="QA.auto.propsheet" name="series_set" time="24.895"/>
  <testcase classname="QA.auto.propsheet" name="atlaseditor" time="14.398"/>
  <testcase classname="QA.auto.propsheet" name="Editmenu" time="7.461"/>
  <testcase classname="QA.auto.propsheet" name="contributor" time="4.748"/>
  <testcase classname="QA.auto.propsheet" name="draw" time="33.962"/>
  <testcase classname="QA.auto.propsheet" name="annotation" time="10.974"/>
  <testcase classname="QA.auto.propsheet" name="geometry_Box" time="24.400"/>
  <testcase classname="QA.auto.propsheet" name="Box_select" time="9.920"/>
  <testcase classname="QA.auto.propsheet" name="Propertystylesheet" time="32.067"/>
  <testcase classname="QA.auto.propsheet" name="Box_delete" time="25.216"/>
</testsuite> <!-- QA.auto.propsheet -->
