<?xml version="1.0" encoding="UTF-8"?>
<!-- Generated by org.testng.reporters.JUnitReportReporter -->
<testsuite hostname="DESKTOP-2NOC298" failures="0" tests="11" name="QA.auto.propsheet" time="160.300" errors="0" timestamp="2025-06-26T15:42:31 IST" skipped="0">
  <testcase classname="QA.auto.propsheet" name="login" time="13.601"/>
  <testcase classname="QA.auto.propsheet" name="series_set" time="25.625"/>
  <testcase classname="QA.auto.propsheet" name="atlaseditor" time="27.021"/>
  <testcase classname="QA.auto.propsheet" name="Editmenu" time="7.430"/>
  <testcase classname="QA.auto.propsheet" name="contributor" time="31.660"/>
  <testcase classname="QA.auto.propsheet" name="draw" time="2.746"/>
  <testcase classname="QA.auto.propsheet" name="annotation" time="13.185"/>
  <testcase classname="QA.auto.propsheet" name="geometry_Box" time="9.192"/>
  <testcase classname="QA.auto.propsheet" name="Box_select" time="5.844"/>
  <testcase classname="QA.auto.propsheet" name="Propertystylesheet" time="17.057"/>
  <testcase classname="QA.auto.propsheet" name="Box_delete" time="6.939"/>
</testsuite> <!-- QA.auto.propsheet -->
